<?xml version="1.0" encoding="UTF-8"?>
<!-- Generated by org.testng.reporters.JUnitReportReporter -->
<testsuite hostname="NHCLPT520" failures="0" tests="1" name="org.testcases.Mobile_Automation" time="17.130" errors="0" timestamp="2023-01-29T09:25:46 IST" skipped="0">
  <testcase classname="org.testcases.Mobile_Automation" name="Mobile_Automation_Test" time="17.130"/>
  <system-out/>
</testsuite> <!-- org.testcases.Mobile_Automation -->
